[debug] [2021-05-12T23:44:07.649Z] ----------------------------------------------------------------------
[debug] [2021-05-12T23:44:07.652Z] Command:       C:\Users\chase\DOWNLO~1\firebase-tools-instant-win.exe C:\Users\chase\.cache\firebase\tools\lib\node_modules\firebase-tools\lib\bin\firebase init
[debug] [2021-05-12T23:44:07.653Z] CLI Version:   9.4.0
[debug] [2021-05-12T23:44:07.653Z] Platform:      win32
[debug] [2021-05-12T23:44:07.653Z] Node Version:  v12.18.1
[debug] [2021-05-12T23:44:07.655Z] Time:          Wed May 12 2021 18:44:07 GMT-0500 (Central Daylight Time)
[debug] [2021-05-12T23:44:07.655Z] ----------------------------------------------------------------------
[debug] [2021-05-12T23:44:07.655Z] 
[debug] [2021-05-12T23:44:07.669Z] > command requires scopes: ["email","openid","https://www.googleapis.com/auth/cloudplatformprojects.readonly","https://www.googleapis.com/auth/firebase","https://www.googleapis.com/auth/cloud-platform"]
[debug] [2021-05-12T23:44:07.670Z] > authorizing via signed-in user
[info] 
     ######## #### ########  ######## ########     ###     ######  ########
     ##        ##  ##     ## ##       ##     ##  ##   ##  ##       ##
     ######    ##  ########  ######   ########  #########  ######  ######
     ##        ##  ##    ##  ##       ##     ## ##     ##       ## ##
     ##       #### ##     ## ######## ########  ##     ##  ######  ########

You're about to initialize a Firebase project in this directory:

  C:\Users\chase\OneDrive\Desktop\react-prac\chasebook\chasebook

[info] 
=== Project Setup
[info] 
[info] First, let's associate this project directory with a Firebase project.
[info] You can create multiple project aliases by running firebase use --add, 
[info] but for now we'll just set up a default project.
[info] 
[debug] [2021-05-12T23:45:20.623Z] >>> [apiv2][query] GET https://firebase.googleapis.com/v1beta1/projects pageSize=100
[debug] [2021-05-12T23:45:23.747Z] <<< [apiv2][status] GET https://firebase.googleapis.com/v1beta1/projects 200
[debug] [2021-05-12T23:45:23.748Z] <<< [apiv2][body] GET https://firebase.googleapis.com/v1beta1/projects [omitted]
[info] i  Using project fb-clone-e5b72 (fb-clone) 
[info] 
=== Hosting Setup
[info] 
[info] Your public directory is the folder (relative to your project directory) that
[info] will contain Hosting assets to be uploaded with firebase deploy. If you
[info] have a build process for your assets, use your build's output directory.
[info] 
